Determining if the pthread_create exist failed with the following output:
Change Dir: /home/pratyush/Desktop/optimizer/trajopt/build_trajpot/CMakeFiles/CMakeTmp

Run Build Command:"/usr/bin/make" "cmTC_37aaa/fast"
/usr/bin/make -f CMakeFiles/cmTC_37aaa.dir/build.make CMakeFiles/cmTC_37aaa.dir/build
make[1]: Entering directory '/home/pratyush/Desktop/optimizer/trajopt/build_trajpot/CMakeFiles/CMakeTmp'
Building C object CMakeFiles/cmTC_37aaa.dir/CheckSymbolExists.c.o
/usr/bin/cc     -o CMakeFiles/cmTC_37aaa.dir/CheckSymbolExists.c.o   -c /home/pratyush/Desktop/optimizer/trajopt/build_trajpot/CMakeFiles/CMakeTmp/CheckSymbolExists.c
Linking C executable cmTC_37aaa
/usr/bin/cmake -E cmake_link_script CMakeFiles/cmTC_37aaa.dir/link.txt --verbose=1
/usr/bin/cc       CMakeFiles/cmTC_37aaa.dir/CheckSymbolExists.c.o  -o cmTC_37aaa -rdynamic 
CMakeFiles/cmTC_37aaa.dir/CheckSymbolExists.c.o: In function `main':
CheckSymbolExists.c:(.text+0x16): undefined reference to `pthread_create'
collect2: error: ld returned 1 exit status
CMakeFiles/cmTC_37aaa.dir/build.make:97: recipe for target 'cmTC_37aaa' failed
make[1]: *** [cmTC_37aaa] Error 1
make[1]: Leaving directory '/home/pratyush/Desktop/optimizer/trajopt/build_trajpot/CMakeFiles/CMakeTmp'
Makefile:126: recipe for target 'cmTC_37aaa/fast' failed
make: *** [cmTC_37aaa/fast] Error 2

File /home/pratyush/Desktop/optimizer/trajopt/build_trajpot/CMakeFiles/CMakeTmp/CheckSymbolExists.c:
/* */
#include <pthread.h>

int main(int argc, char** argv)
{
  (void)argv;
#ifndef pthread_create
  return ((int*)(&pthread_create))[argc];
#else
  (void)argc;
  return 0;
#endif
}

Determining if the function pthread_create exists in the pthreads failed with the following output:
Change Dir: /home/pratyush/Desktop/optimizer/trajopt/build_trajpot/CMakeFiles/CMakeTmp

Run Build Command:"/usr/bin/make" "cmTC_fd6a4/fast"
/usr/bin/make -f CMakeFiles/cmTC_fd6a4.dir/build.make CMakeFiles/cmTC_fd6a4.dir/build
make[1]: Entering directory '/home/pratyush/Desktop/optimizer/trajopt/build_trajpot/CMakeFiles/CMakeTmp'
Building C object CMakeFiles/cmTC_fd6a4.dir/CheckFunctionExists.c.o
/usr/bin/cc    -DCHECK_FUNCTION_EXISTS=pthread_create   -o CMakeFiles/cmTC_fd6a4.dir/CheckFunctionExists.c.o   -c /usr/share/cmake-3.5/Modules/CheckFunctionExists.c
Linking C executable cmTC_fd6a4
/usr/bin/cmake -E cmake_link_script CMakeFiles/cmTC_fd6a4.dir/link.txt --verbose=1
/usr/bin/cc   -DCHECK_FUNCTION_EXISTS=pthread_create    CMakeFiles/cmTC_fd6a4.dir/CheckFunctionExists.c.o  -o cmTC_fd6a4 -rdynamic -lpthreads 
/usr/bin/ld: cannot find -lpthreads
collect2: error: ld returned 1 exit status
CMakeFiles/cmTC_fd6a4.dir/build.make:97: recipe for target 'cmTC_fd6a4' failed
make[1]: *** [cmTC_fd6a4] Error 1
make[1]: Leaving directory '/home/pratyush/Desktop/optimizer/trajopt/build_trajpot/CMakeFiles/CMakeTmp'
Makefile:126: recipe for target 'cmTC_fd6a4/fast' failed
make: *** [cmTC_fd6a4/fast] Error 2


